D:\DEV\FOOTBALLANALYSIS\DEBUG\FOOTBALLANALYSIS.EXE
D:\DEV\FOOTBALLANALYSIS\DEBUG\FOOTBALLANALYSIS.ILK
D:\DEV\FOOTBALLANALYSIS\DEBUG\FOOTBALLANALYSIS.PDB
D:\Dev\FootballAnalysis\FootballAnalysis\Debug\cl.command.1.tlog
D:\Dev\FootballAnalysis\FootballAnalysis\Debug\CL.read.1.tlog
D:\Dev\FootballAnalysis\FootballAnalysis\Debug\CL.write.1.tlog
D:\DEV\FOOTBALLANALYSIS\FOOTBALLANALYSIS\DEBUG\DLGCHUPEI.OBJ
D:\DEV\FOOTBALLANALYSIS\FOOTBALLANALYSIS\DEBUG\DLGMATCH.OBJ
D:\DEV\FOOTBALLANALYSIS\FOOTBALLANALYSIS\DEBUG\FOOTBALLANALYSIS.EXE.EMBED.MANIFEST
D:\DEV\FOOTBALLANALYSIS\FOOTBALLANALYSIS\DEBUG\FOOTBALLANALYSIS.EXE.EMBED.MANIFEST.RES
D:\DEV\FOOTBALLANALYSIS\FOOTBALLANALYSIS\DEBUG\FOOTBALLANALYSIS.EXE.INTERMEDIATE.MANIFEST
D:\DEV\FOOTBALLANALYSIS\FOOTBALLANALYSIS\DEBUG\FOOTBALLANALYSIS.OBJ
D:\DEV\FOOTBALLANALYSIS\FOOTBALLANALYSIS\DEBUG\FOOTBALLANALYSIS.PCH
D:\DEV\FOOTBALLANALYSIS\FOOTBALLANALYSIS\DEBUG\FOOTBALLANALYSIS.RES
D:\Dev\FootballAnalysis\FootballAnalysis\Debug\FootballAnalysis_manifest.rc
D:\DEV\FOOTBALLANALYSIS\FOOTBALLANALYSIS\DEBUG\FOOTBALLANALYSISDLG.OBJ
D:\DEV\FOOTBALLANALYSIS\FOOTBALLANALYSIS\DEBUG\GAMBLINGCOMPANY.OBJ
D:\DEV\FOOTBALLANALYSIS\FOOTBALLANALYSIS\DEBUG\HOVERBUTTON.OBJ
D:\Dev\FootballAnalysis\FootballAnalysis\Debug\link.5560.read.1.tlog
D:\Dev\FootballAnalysis\FootballAnalysis\Debug\link.5560.write.1.tlog
D:\Dev\FootballAnalysis\FootballAnalysis\Debug\link.5560-cvtres.read.1.tlog
D:\Dev\FootballAnalysis\FootballAnalysis\Debug\link.5560-cvtres.write.1.tlog
D:\Dev\FootballAnalysis\FootballAnalysis\Debug\link.command.1.tlog
D:\Dev\FootballAnalysis\FootballAnalysis\Debug\link.read.1.tlog
D:\Dev\FootballAnalysis\FootballAnalysis\Debug\link.write.1.tlog
D:\Dev\FootballAnalysis\FootballAnalysis\Debug\link-cvtres.read.1.tlog
D:\Dev\FootballAnalysis\FootballAnalysis\Debug\link-cvtres.write.1.tlog
D:\DEV\FOOTBALLANALYSIS\FOOTBALLANALYSIS\DEBUG\MATCH.OBJ
D:\Dev\FootballAnalysis\FootballAnalysis\Debug\mt.command.1.tlog
D:\Dev\FootballAnalysis\FootballAnalysis\Debug\mt.read.1.tlog
D:\Dev\FootballAnalysis\FootballAnalysis\Debug\mt.write.1.tlog
D:\DEV\FOOTBALLANALYSIS\FOOTBALLANALYSIS\DEBUG\ODDS.OBJ
D:\Dev\FootballAnalysis\FootballAnalysis\Debug\rc.command.1.tlog
D:\Dev\FootballAnalysis\FootballAnalysis\Debug\rc.read.1.tlog
D:\Dev\FootballAnalysis\FootballAnalysis\Debug\rc.write.1.tlog
D:\DEV\FOOTBALLANALYSIS\FOOTBALLANALYSIS\DEBUG\STDAFX.OBJ
D:\Dev\FootballAnalysis\FootballAnalysis\Debug\vc100.idb
D:\DEV\FOOTBALLANALYSIS\FOOTBALLANALYSIS\DEBUG\VC100.PDB
